
================================================================================
=== Log Start: 2025-02-27 08:19:42 ===
================================================================================
2025-02-27 08:19:42,089 - INFO - Logger initialized and header written.
2025-02-27 08:19:42,089 - INFO - Discovered bot: trading_bot_algo_brian
2025-02-27 08:19:42,089 - INFO - Bot Manager initialized with 1 bots
2025-02-27 08:19:42,089 - INFO - Running all bots (1 total)
2025-02-27 08:19:42,091 - INFO - Running bot: trading_bot_algo_brian
2025-02-27 08:19:43,580 - INFO - Bot trading_bot_algo_brian completed successfully
2025-02-27 08:19:43,580 - INFO - Bot Execution Summary: 1/1 bots executed successfully
  - trading_bot_algo_brian: Success


================================================================================
=== Log Start: 2025-02-27 18:02:47 ===
================================================================================
2025-02-27 18:02:47,698 - INFO - Logger initialized and header written.
2025-02-27 18:02:47,699 - INFO - Discovered bot: trading_bot_algo_brian
2025-02-27 18:02:47,699 - INFO - Bot Manager initialized with 1 bots
2025-02-27 18:02:47,699 - INFO - Running all bots (1 total)
2025-02-27 18:02:47,706 - INFO - Running bot: trading_bot_algo_brian
2025-02-27 18:02:53,791 - INFO - Bot trading_bot_algo_brian completed successfully
2025-02-27 18:02:53,792 - INFO - Bot Execution Summary: 1/1 bots executed successfully
  - trading_bot_algo_brian: Success


================================================================================
=== Log Start: 2025-02-27 18:13:16 ===
================================================================================
2025-02-27 18:13:16,990 - INFO - Logger initialized and header written.
2025-02-27 18:13:16,990 - INFO - Discovered bot: trading_bot_algo_brian
2025-02-27 18:13:16,990 - INFO - Bot Manager initialized with 1 bots
2025-02-27 18:13:16,990 - INFO - Running all bots (1 total)
2025-02-27 18:13:17,001 - INFO - Running bot: trading_bot_algo_brian
2025-02-27 18:13:19,202 - INFO - Bot trading_bot_algo_brian completed successfully
2025-02-27 18:13:19,202 - INFO - Bot Execution Summary: 1/1 bots executed successfully
  - trading_bot_algo_brian: Success


================================================================================
=== Log Start: 2025-03-16 19:20:45 ===
================================================================================
2025-03-16 19:20:45,309 - INFO - Logger initialized and header written.
2025-03-16 19:20:45,309 - INFO - Discovered bot: trading_bot_algo_brian
2025-03-16 19:20:45,309 - INFO - Bot Manager initialized with 1 bots
2025-03-16 19:20:45,311 - INFO - Running bot: trading_bot_algo_brian
2025-03-16 19:20:53,484 - INFO - Bot trading_bot_algo_brian completed successfully
