
================================================================================
=== Log Start: 2025-04-07 16:22:59 ===
================================================================================
2025-04-07 16:22:59,779 - INFO - Logger initialized and header written.
2025-04-07 16:22:59,779 - INFO - Starting momentum_bot_carlo
2025-04-07 16:22:59,779 - INFO - Momentum strategy bot momentum_bot_carlo initialized with 6 symbols
2025-04-07 16:22:59,779 - INFO - Running momentum strategy...
2025-04-07 16:22:59,779 - INFO - Market is closed. Running in simulation mode.
2025-04-07 16:23:00,423 - INFO - Position: AAPL, Qty: -68, Market value: $-12496.3396
2025-04-07 16:23:00,423 - INFO - Position: AMZN, Qty: -76, Market value: $-13611.5316
2025-04-07 16:23:00,435 - INFO - Position: GOOGL, Qty: -94, Market value: $-13985.32
2025-04-07 16:23:00,435 - INFO - Position: META, Qty: -49, Market value: $-25685.8
2025-04-07 16:23:00,435 - INFO - Position: MSFT, Qty: -39, Market value: $-14079.39
2025-04-07 16:23:00,435 - INFO - Position: NVDA, Qty: -137, Market value: $-13620.54
2025-04-07 16:23:00,520 - INFO - Account ID: 647fb3b4-0c43-4547-b847-3ce26d587404
2025-04-07 16:23:00,521 - INFO - Cash: $204863.39
2025-04-07 16:23:00,521 - INFO - Portfolio value: $111384.47
2025-04-07 16:23:00,521 - INFO - Buying power: $345326.72
2025-04-07 16:23:00,521 - INFO - Analyzing GOOGL...
2025-04-07 16:23:00,935 - INFO - Retrieved 61 bars for GOOGL
2025-04-07 16:23:00,935 - INFO - Calculated momentum: -24.34%
2025-04-07 16:23:01,019 - INFO - Position: AAPL, Qty: -68, Market value: $-12496.3396
2025-04-07 16:23:01,019 - INFO - Position: AMZN, Qty: -76, Market value: $-13611.5316
2025-04-07 16:23:01,019 - INFO - Position: GOOGL, Qty: -94, Market value: $-13985.32
2025-04-07 16:23:01,020 - INFO - Position: META, Qty: -49, Market value: $-25685.8
2025-04-07 16:23:01,020 - INFO - Position: MSFT, Qty: -39, Market value: $-14079.39
2025-04-07 16:23:01,020 - INFO - Position: NVDA, Qty: -137, Market value: $-13620.54
2025-04-07 16:23:01,020 - INFO - Already short on GOOGL. No additional short order placed.
2025-04-07 16:23:01,020 - INFO - Analyzing AAPL...
2025-04-07 16:23:01,115 - INFO - Retrieved 61 bars for AAPL
2025-04-07 16:23:01,115 - INFO - Calculated momentum: -25.23%
2025-04-07 16:23:01,202 - INFO - Position: AAPL, Qty: -68, Market value: $-12496.3396
2025-04-07 16:23:01,202 - INFO - Position: AMZN, Qty: -76, Market value: $-13611.5316
2025-04-07 16:23:01,203 - INFO - Position: GOOGL, Qty: -94, Market value: $-13985.32
2025-04-07 16:23:01,203 - INFO - Position: META, Qty: -49, Market value: $-25685.8
2025-04-07 16:23:01,203 - INFO - Position: MSFT, Qty: -39, Market value: $-14079.39
2025-04-07 16:23:01,203 - INFO - Position: NVDA, Qty: -137, Market value: $-13620.54
2025-04-07 16:23:01,203 - INFO - Already short on AAPL. No additional short order placed.
2025-04-07 16:23:01,203 - INFO - Analyzing AMZN...
2025-04-07 16:23:01,298 - INFO - Retrieved 61 bars for AMZN
2025-04-07 16:23:01,298 - INFO - Calculated momentum: -21.10%
2025-04-07 16:23:01,388 - INFO - Position: AAPL, Qty: -68, Market value: $-12496.3396
2025-04-07 16:23:01,389 - INFO - Position: AMZN, Qty: -76, Market value: $-13611.5316
2025-04-07 16:23:01,389 - INFO - Position: GOOGL, Qty: -94, Market value: $-13985.32
2025-04-07 16:23:01,389 - INFO - Position: META, Qty: -49, Market value: $-25685.8
2025-04-07 16:23:01,389 - INFO - Position: MSFT, Qty: -39, Market value: $-14079.39
2025-04-07 16:23:01,389 - INFO - Position: NVDA, Qty: -137, Market value: $-13620.54
2025-04-07 16:23:01,389 - INFO - Already short on AMZN. No additional short order placed.
2025-04-07 16:23:01,389 - INFO - Analyzing META...
2025-04-07 16:23:01,489 - INFO - Retrieved 61 bars for META
2025-04-07 16:23:01,489 - INFO - Calculated momentum: -15.47%
2025-04-07 16:23:01,579 - INFO - Position: AAPL, Qty: -68, Market value: $-12496.3396
2025-04-07 16:23:01,579 - INFO - Position: AMZN, Qty: -76, Market value: $-13611.5316
2025-04-07 16:23:01,579 - INFO - Position: GOOGL, Qty: -94, Market value: $-13985.32
2025-04-07 16:23:01,580 - INFO - Position: META, Qty: -49, Market value: $-25685.8
2025-04-07 16:23:01,580 - INFO - Position: MSFT, Qty: -39, Market value: $-14079.39
2025-04-07 16:23:01,580 - INFO - Position: NVDA, Qty: -137, Market value: $-13620.54
2025-04-07 16:23:01,580 - INFO - Already short on META. No additional short order placed.
2025-04-07 16:23:01,580 - INFO - Analyzing MSFT...
2025-04-07 16:23:01,677 - INFO - Retrieved 61 bars for MSFT
2025-04-07 16:23:01,678 - INFO - Calculated momentum: -15.71%
2025-04-07 16:23:01,766 - INFO - Position: AAPL, Qty: -68, Market value: $-12496.3396
2025-04-07 16:23:01,766 - INFO - Position: AMZN, Qty: -76, Market value: $-13611.5316
2025-04-07 16:23:01,766 - INFO - Position: GOOGL, Qty: -94, Market value: $-13985.32
2025-04-07 16:23:01,766 - INFO - Position: META, Qty: -49, Market value: $-25685.8
2025-04-07 16:23:01,766 - INFO - Position: MSFT, Qty: -39, Market value: $-14079.39
2025-04-07 16:23:01,767 - INFO - Position: NVDA, Qty: -137, Market value: $-13620.54
2025-04-07 16:23:01,767 - INFO - Already short on MSFT. No additional short order placed.
2025-04-07 16:23:01,767 - INFO - Analyzing NVDA...
2025-04-07 16:23:01,860 - INFO - Retrieved 61 bars for NVDA
2025-04-07 16:23:01,860 - INFO - Calculated momentum: -30.31%
2025-04-07 16:23:01,947 - INFO - Position: AAPL, Qty: -68, Market value: $-12496.3396
2025-04-07 16:23:01,947 - INFO - Position: AMZN, Qty: -76, Market value: $-13611.5316
2025-04-07 16:23:01,948 - INFO - Position: GOOGL, Qty: -94, Market value: $-13985.32
2025-04-07 16:23:01,948 - INFO - Position: META, Qty: -49, Market value: $-25685.8
2025-04-07 16:23:01,948 - INFO - Position: MSFT, Qty: -39, Market value: $-14079.39
2025-04-07 16:23:01,948 - INFO - Position: NVDA, Qty: -137, Market value: $-13620.54
2025-04-07 16:23:01,948 - INFO - Already short on NVDA. No additional short order placed.
2025-04-07 16:23:01,948 - INFO - Momentum strategy execution completed
2025-04-07 16:23:01,948 - INFO - momentum_bot_carlo completed successfully

================================================================================
=== Log Start: 2025-04-12 13:36:03 ===
================================================================================
2025-04-12 13:36:03,060 - INFO - Logger initialized and header written.
2025-04-12 13:36:03,060 - INFO - Starting momentum_bot_carlo
2025-04-12 13:36:03,061 - INFO - Momentum strategy bot momentum_bot_carlo initialized with 6 symbols
2025-04-12 13:36:03,061 - INFO - Running momentum strategy...
2025-04-12 13:36:03,375 - INFO - Position: AAPL, Qty: -68, Market value: $-13474.2
2025-04-12 13:36:03,375 - INFO - Position: AMZN, Qty: -76, Market value: $-14050.12
2025-04-12 13:36:03,376 - INFO - Position: GOOGL, Qty: -94, Market value: $-14771.16
2025-04-12 13:36:03,376 - INFO - Position: META, Qty: -49, Market value: $-26634.93
2025-04-12 13:36:03,376 - INFO - Position: MSFT, Qty: -39, Market value: $-15149.55
2025-04-12 13:36:03,376 - INFO - Position: NVDA, Qty: -137, Market value: $-15197.41
2025-04-12 13:36:03,467 - INFO - Account ID: 647fb3b4-0c43-4547-b847-3ce26d587404
2025-04-12 13:36:03,468 - INFO - Cash: $204863.39
2025-04-12 13:36:03,468 - INFO - Portfolio value: $105586.02
2025-04-12 13:36:03,468 - INFO - Buying power: $286145.76
2025-04-12 13:36:03,468 - INFO - Analyzing GOOGL...
2025-04-12 13:36:03,786 - INFO - Retrieved 63 bars for GOOGL
2025-04-12 13:36:03,787 - INFO - Calculated momentum: -17.73%
2025-04-12 13:36:03,873 - INFO - Position: AAPL, Qty: -68, Market value: $-13474.2
2025-04-12 13:36:03,874 - INFO - Position: AMZN, Qty: -76, Market value: $-14050.12
2025-04-12 13:36:03,874 - INFO - Position: GOOGL, Qty: -94, Market value: $-14771.16
2025-04-12 13:36:03,874 - INFO - Position: META, Qty: -49, Market value: $-26634.93
2025-04-12 13:36:03,874 - INFO - Position: MSFT, Qty: -39, Market value: $-15149.55
2025-04-12 13:36:03,874 - INFO - Position: NVDA, Qty: -137, Market value: $-15197.41
2025-04-12 13:36:03,874 - INFO - Already short on GOOGL. No additional short order placed.
2025-04-12 13:36:03,874 - INFO - Analyzing AAPL...
2025-04-12 13:36:03,991 - INFO - Retrieved 63 bars for AAPL
2025-04-12 13:36:03,992 - INFO - Calculated momentum: -15.47%
2025-04-12 13:36:04,087 - INFO - Position: AAPL, Qty: -68, Market value: $-13474.2
2025-04-12 13:36:04,087 - INFO - Position: AMZN, Qty: -76, Market value: $-14050.12
2025-04-12 13:36:04,087 - INFO - Position: GOOGL, Qty: -94, Market value: $-14771.16
2025-04-12 13:36:04,088 - INFO - Position: META, Qty: -49, Market value: $-26634.93
2025-04-12 13:36:04,088 - INFO - Position: MSFT, Qty: -39, Market value: $-15149.55
2025-04-12 13:36:04,088 - INFO - Position: NVDA, Qty: -137, Market value: $-15197.41
2025-04-12 13:36:04,088 - INFO - Already short on AAPL. No additional short order placed.
2025-04-12 13:36:04,088 - INFO - Analyzing AMZN...
2025-04-12 13:36:04,186 - INFO - Retrieved 63 bars for AMZN
2025-04-12 13:36:04,186 - INFO - Calculated momentum: -15.38%
2025-04-12 13:36:04,268 - INFO - Position: AAPL, Qty: -68, Market value: $-13474.2
2025-04-12 13:36:04,268 - INFO - Position: AMZN, Qty: -76, Market value: $-14050.12
2025-04-12 13:36:04,268 - INFO - Position: GOOGL, Qty: -94, Market value: $-14771.16
2025-04-12 13:36:04,268 - INFO - Position: META, Qty: -49, Market value: $-26634.93
2025-04-12 13:36:04,268 - INFO - Position: MSFT, Qty: -39, Market value: $-15149.55
2025-04-12 13:36:04,268 - INFO - Position: NVDA, Qty: -137, Market value: $-15197.41
2025-04-12 13:36:04,268 - INFO - Already short on AMZN. No additional short order placed.
2025-04-12 13:36:04,268 - INFO - Analyzing META...
2025-04-12 13:36:04,365 - INFO - Retrieved 63 bars for META
2025-04-12 13:36:04,366 - INFO - Calculated momentum: -10.65%
2025-04-12 13:36:04,453 - INFO - Position: AAPL, Qty: -68, Market value: $-13474.2
2025-04-12 13:36:04,453 - INFO - Position: AMZN, Qty: -76, Market value: $-14050.12
2025-04-12 13:36:04,453 - INFO - Position: GOOGL, Qty: -94, Market value: $-14771.16
2025-04-12 13:36:04,453 - INFO - Position: META, Qty: -49, Market value: $-26634.93
2025-04-12 13:36:04,453 - INFO - Position: MSFT, Qty: -39, Market value: $-15149.55
2025-04-12 13:36:04,453 - INFO - Position: NVDA, Qty: -137, Market value: $-15197.41
2025-04-12 13:36:04,453 - INFO - Already short on META. No additional short order placed.
2025-04-12 13:36:04,453 - INFO - Analyzing MSFT...
2025-04-12 13:36:04,543 - INFO - Retrieved 63 bars for MSFT
2025-04-12 13:36:04,543 - INFO - Calculated momentum: -6.89%
2025-04-12 13:36:04,631 - INFO - Position: AAPL, Qty: -68, Market value: $-13474.2
2025-04-12 13:36:04,632 - INFO - Position: AMZN, Qty: -76, Market value: $-14050.12
2025-04-12 13:36:04,632 - INFO - Position: GOOGL, Qty: -94, Market value: $-14771.16
2025-04-12 13:36:04,632 - INFO - Position: META, Qty: -49, Market value: $-26634.93
2025-04-12 13:36:04,632 - INFO - Position: MSFT, Qty: -39, Market value: $-15149.55
2025-04-12 13:36:04,632 - INFO - Position: NVDA, Qty: -137, Market value: $-15197.41
2025-04-12 13:36:04,632 - INFO - Already short on MSFT. No additional short order placed.
2025-04-12 13:36:04,633 - INFO - Analyzing NVDA...
2025-04-12 13:36:04,731 - INFO - Retrieved 63 bars for NVDA
2025-04-12 13:36:04,732 - INFO - Calculated momentum: -16.74%
2025-04-12 13:36:04,820 - INFO - Position: AAPL, Qty: -68, Market value: $-13474.2
2025-04-12 13:36:04,820 - INFO - Position: AMZN, Qty: -76, Market value: $-14050.12
2025-04-12 13:36:04,820 - INFO - Position: GOOGL, Qty: -94, Market value: $-14771.16
2025-04-12 13:36:04,820 - INFO - Position: META, Qty: -49, Market value: $-26634.93
2025-04-12 13:36:04,820 - INFO - Position: MSFT, Qty: -39, Market value: $-15149.55
2025-04-12 13:36:04,820 - INFO - Position: NVDA, Qty: -137, Market value: $-15197.41
2025-04-12 13:36:04,821 - INFO - Already short on NVDA. No additional short order placed.
2025-04-12 13:36:04,821 - INFO - Momentum strategy execution completed
2025-04-12 13:36:04,821 - INFO - momentum_bot_carlo completed successfully

================================================================================
=== Log Start: 2025-04-12 13:37:30 ===
================================================================================
2025-04-12 13:37:30,432 - INFO - Logger initialized and header written.
2025-04-12 13:37:30,432 - INFO - Starting momentum_bot_carlo
2025-04-12 13:37:30,433 - INFO - Momentum strategy bot momentum_bot_carlo initialized with 6 symbols
2025-04-12 13:37:30,433 - INFO - Running momentum strategy...
2025-04-12 13:37:30,757 - INFO - Position: AAPL, Qty: -68, Market value: $-13474.2
2025-04-12 13:37:30,758 - INFO - Position: AMZN, Qty: -76, Market value: $-14050.12
2025-04-12 13:37:30,758 - INFO - Position: GOOGL, Qty: -94, Market value: $-14771.16
2025-04-12 13:37:30,758 - INFO - Position: META, Qty: -49, Market value: $-26634.93
2025-04-12 13:37:30,758 - INFO - Position: MSFT, Qty: -39, Market value: $-15149.55
2025-04-12 13:37:30,758 - INFO - Position: NVDA, Qty: -137, Market value: $-15197.41
2025-04-12 13:37:30,844 - INFO - Account ID: 647fb3b4-0c43-4547-b847-3ce26d587404
2025-04-12 13:37:30,845 - INFO - Cash: $204863.39
2025-04-12 13:37:30,845 - INFO - Portfolio value: $105586.02
2025-04-12 13:37:30,845 - INFO - Buying power: $286145.76
2025-04-12 13:37:30,845 - INFO - Analyzing GOOGL...
2025-04-12 13:37:31,170 - INFO - Retrieved 63 bars for GOOGL
2025-04-12 13:37:31,171 - INFO - Calculated momentum: -17.73%
2025-04-12 13:37:31,259 - INFO - Position: AAPL, Qty: -68, Market value: $-13474.2
2025-04-12 13:37:31,260 - INFO - Position: AMZN, Qty: -76, Market value: $-14050.12
2025-04-12 13:37:31,260 - INFO - Position: GOOGL, Qty: -94, Market value: $-14771.16
2025-04-12 13:37:31,260 - INFO - Position: META, Qty: -49, Market value: $-26634.93
2025-04-12 13:37:31,260 - INFO - Position: MSFT, Qty: -39, Market value: $-15149.55
2025-04-12 13:37:31,260 - INFO - Position: NVDA, Qty: -137, Market value: $-15197.41
2025-04-12 13:37:31,260 - INFO - Already short on GOOGL. No additional short order placed.
2025-04-12 13:37:31,260 - INFO - Analyzing AAPL...
2025-04-12 13:37:31,364 - INFO - Retrieved 63 bars for AAPL
2025-04-12 13:37:31,364 - INFO - Calculated momentum: -15.47%
2025-04-12 13:37:31,451 - INFO - Position: AAPL, Qty: -68, Market value: $-13474.2
2025-04-12 13:37:31,452 - INFO - Position: AMZN, Qty: -76, Market value: $-14050.12
2025-04-12 13:37:31,452 - INFO - Position: GOOGL, Qty: -94, Market value: $-14771.16
2025-04-12 13:37:31,452 - INFO - Position: META, Qty: -49, Market value: $-26634.93
2025-04-12 13:37:31,452 - INFO - Position: MSFT, Qty: -39, Market value: $-15149.55
2025-04-12 13:37:31,452 - INFO - Position: NVDA, Qty: -137, Market value: $-15197.41
2025-04-12 13:37:31,452 - INFO - Already short on AAPL. No additional short order placed.
2025-04-12 13:37:31,452 - INFO - Analyzing AMZN...
2025-04-12 13:37:31,555 - INFO - Retrieved 63 bars for AMZN
2025-04-12 13:37:31,556 - INFO - Calculated momentum: -15.38%
2025-04-12 13:37:31,638 - INFO - Position: AAPL, Qty: -68, Market value: $-13474.2
2025-04-12 13:37:31,638 - INFO - Position: AMZN, Qty: -76, Market value: $-14050.12
2025-04-12 13:37:31,638 - INFO - Position: GOOGL, Qty: -94, Market value: $-14771.16
2025-04-12 13:37:31,638 - INFO - Position: META, Qty: -49, Market value: $-26634.93
2025-04-12 13:37:31,638 - INFO - Position: MSFT, Qty: -39, Market value: $-15149.55
2025-04-12 13:37:31,638 - INFO - Position: NVDA, Qty: -137, Market value: $-15197.41
2025-04-12 13:37:31,639 - INFO - Already short on AMZN. No additional short order placed.
2025-04-12 13:37:31,639 - INFO - Analyzing META...
2025-04-12 13:37:31,737 - INFO - Retrieved 63 bars for META
2025-04-12 13:37:31,738 - INFO - Calculated momentum: -10.65%
2025-04-12 13:37:31,821 - INFO - Position: AAPL, Qty: -68, Market value: $-13474.2
2025-04-12 13:37:31,821 - INFO - Position: AMZN, Qty: -76, Market value: $-14050.12
2025-04-12 13:37:31,821 - INFO - Position: GOOGL, Qty: -94, Market value: $-14771.16
2025-04-12 13:37:31,822 - INFO - Position: META, Qty: -49, Market value: $-26634.93
2025-04-12 13:37:31,822 - INFO - Position: MSFT, Qty: -39, Market value: $-15149.55
2025-04-12 13:37:31,822 - INFO - Position: NVDA, Qty: -137, Market value: $-15197.41
2025-04-12 13:37:31,822 - INFO - Already short on META. No additional short order placed.
2025-04-12 13:37:31,822 - INFO - Analyzing MSFT...
2025-04-12 13:37:31,916 - INFO - Retrieved 63 bars for MSFT
2025-04-12 13:37:31,916 - INFO - Calculated momentum: -6.89%
2025-04-12 13:37:32,003 - INFO - Position: AAPL, Qty: -68, Market value: $-13474.2
2025-04-12 13:37:32,003 - INFO - Position: AMZN, Qty: -76, Market value: $-14050.12
2025-04-12 13:37:32,003 - INFO - Position: GOOGL, Qty: -94, Market value: $-14771.16
2025-04-12 13:37:32,003 - INFO - Position: META, Qty: -49, Market value: $-26634.93
2025-04-12 13:37:32,003 - INFO - Position: MSFT, Qty: -39, Market value: $-15149.55
2025-04-12 13:37:32,003 - INFO - Position: NVDA, Qty: -137, Market value: $-15197.41
2025-04-12 13:37:32,004 - INFO - Already short on MSFT. No additional short order placed.
2025-04-12 13:37:32,004 - INFO - Analyzing NVDA...
2025-04-12 13:37:32,099 - INFO - Retrieved 63 bars for NVDA
2025-04-12 13:37:32,100 - INFO - Calculated momentum: -16.74%
2025-04-12 13:37:32,182 - INFO - Position: AAPL, Qty: -68, Market value: $-13474.2
2025-04-12 13:37:32,183 - INFO - Position: AMZN, Qty: -76, Market value: $-14050.12
2025-04-12 13:37:32,183 - INFO - Position: GOOGL, Qty: -94, Market value: $-14771.16
2025-04-12 13:37:32,183 - INFO - Position: META, Qty: -49, Market value: $-26634.93
2025-04-12 13:37:32,183 - INFO - Position: MSFT, Qty: -39, Market value: $-15149.55
2025-04-12 13:37:32,183 - INFO - Position: NVDA, Qty: -137, Market value: $-15197.41
2025-04-12 13:37:32,184 - INFO - Already short on NVDA. No additional short order placed.
2025-04-12 13:37:32,184 - INFO - Momentum strategy execution completed
2025-04-12 13:37:32,184 - INFO - momentum_bot_carlo completed successfully

================================================================================
=== Log Start: 2025-05-09 15:10:06 ===
================================================================================
2025-05-09 15:10:06,666 - INFO - Logger initialized and header written.
2025-05-09 15:10:06,666 - INFO - Starting momentum_bot_carlo
2025-05-09 15:10:06,666 - INFO - Momentum strategy bot momentum_bot_carlo initialized with 6 symbols
2025-05-09 15:10:06,666 - INFO - Running momentum strategy...
2025-05-09 15:10:06,767 - INFO - Position: AAPL, Qty: -68, Market value: $-13519.08
2025-05-09 15:10:06,768 - INFO - Position: AMZN, Qty: -76, Market value: $-14626.96
2025-05-09 15:10:06,768 - INFO - Position: GOOGL, Qty: -94, Market value: $-14441.7088
2025-05-09 15:10:06,768 - INFO - Position: META, Qty: -49, Market value: $-29322.09
2025-05-09 15:10:06,768 - INFO - Position: MSFT, Qty: 77, Market value: $33696.74
2025-05-09 15:10:06,768 - INFO - Position: NVDA, Qty: -223, Market value: $-26009.605
2025-05-09 15:10:06,768 - INFO - Position: TSLA, Qty: -103, Market value: $-31157.5
2025-05-09 15:10:06,780 - INFO - Account ID: 647fb3b4-0c43-4547-b847-3ce26d587404
2025-05-09 15:10:06,780 - INFO - Cash: $190808.08
2025-05-09 15:10:06,780 - INFO - Portfolio value: $95428.64
2025-05-09 15:10:06,781 - INFO - Buying power: $183787.84
2025-05-09 15:10:06,781 - INFO - Analyzing GOOGL...
2025-05-09 15:10:06,852 - INFO - Retrieved 63 bars for GOOGL
2025-05-09 15:10:06,852 - INFO - Calculated momentum: -17.58%
2025-05-09 15:10:06,860 - INFO - Position: AAPL, Qty: -68, Market value: $-13517.72
2025-05-09 15:10:06,861 - INFO - Position: AMZN, Qty: -76, Market value: $-14624.9308
2025-05-09 15:10:06,861 - INFO - Position: GOOGL, Qty: -94, Market value: $-14441.22
2025-05-09 15:10:06,861 - INFO - Position: META, Qty: -49, Market value: $-29322.09
2025-05-09 15:10:06,861 - INFO - Position: MSFT, Qty: 77, Market value: $33695.97
2025-05-09 15:10:06,861 - INFO - Position: NVDA, Qty: -223, Market value: $-26010.72
2025-05-09 15:10:06,861 - INFO - Position: TSLA, Qty: -103, Market value: $-31157.5
2025-05-09 15:10:06,861 - INFO - Already short on GOOGL. No additional short order placed.
2025-05-09 15:10:06,861 - INFO - Analyzing AAPL...
2025-05-09 15:10:06,885 - INFO - Retrieved 63 bars for AAPL
2025-05-09 15:10:06,885 - INFO - Calculated momentum: -12.64%
2025-05-09 15:10:06,894 - INFO - Position: AAPL, Qty: -68, Market value: $-13517.72
2025-05-09 15:10:06,894 - INFO - Position: AMZN, Qty: -76, Market value: $-14624.9308
2025-05-09 15:10:06,894 - INFO - Position: GOOGL, Qty: -94, Market value: $-14441.22
2025-05-09 15:10:06,894 - INFO - Position: META, Qty: -49, Market value: $-29322.09
2025-05-09 15:10:06,894 - INFO - Position: MSFT, Qty: 77, Market value: $33695.97
2025-05-09 15:10:06,894 - INFO - Position: NVDA, Qty: -223, Market value: $-26011.835
2025-05-09 15:10:06,894 - INFO - Position: TSLA, Qty: -103, Market value: $-31157.5
2025-05-09 15:10:06,894 - INFO - Already short on AAPL. No additional short order placed.
2025-05-09 15:10:06,894 - INFO - Analyzing AMZN...
2025-05-09 15:10:06,909 - INFO - Retrieved 63 bars for AMZN
2025-05-09 15:10:06,910 - INFO - Calculated momentum: -17.44%
2025-05-09 15:10:06,919 - INFO - Position: AAPL, Qty: -68, Market value: $-13517.72
2025-05-09 15:10:06,919 - INFO - Position: AMZN, Qty: -76, Market value: $-14624.9308
2025-05-09 15:10:06,919 - INFO - Position: GOOGL, Qty: -94, Market value: $-14441.22
2025-05-09 15:10:06,919 - INFO - Position: META, Qty: -49, Market value: $-29322.09
2025-05-09 15:10:06,919 - INFO - Position: MSFT, Qty: 77, Market value: $33695.97
2025-05-09 15:10:06,919 - INFO - Position: NVDA, Qty: -223, Market value: $-26010.7423
2025-05-09 15:10:06,919 - INFO - Position: TSLA, Qty: -103, Market value: $-31157.5
2025-05-09 15:10:06,919 - INFO - Already short on AMZN. No additional short order placed.
2025-05-09 15:10:06,919 - INFO - Analyzing META...
2025-05-09 15:10:06,937 - INFO - Retrieved 63 bars for META
2025-05-09 15:10:06,938 - INFO - Calculated momentum: -16.56%
2025-05-09 15:10:06,946 - INFO - Position: AAPL, Qty: -68, Market value: $-13517.72
2025-05-09 15:10:06,947 - INFO - Position: AMZN, Qty: -76, Market value: $-14624.9308
2025-05-09 15:10:06,947 - INFO - Position: GOOGL, Qty: -94, Market value: $-14441.22
2025-05-09 15:10:06,947 - INFO - Position: META, Qty: -49, Market value: $-29322.09
2025-05-09 15:10:06,947 - INFO - Position: MSFT, Qty: 77, Market value: $33694.815
2025-05-09 15:10:06,947 - INFO - Position: NVDA, Qty: -223, Market value: $-26010.7423
2025-05-09 15:10:06,947 - INFO - Position: TSLA, Qty: -103, Market value: $-31167.8
2025-05-09 15:10:06,947 - INFO - Already short on META. No additional short order placed.
2025-05-09 15:10:06,947 - INFO - Analyzing MSFT...
2025-05-09 15:10:06,967 - INFO - Retrieved 63 bars for MSFT
2025-05-09 15:10:06,967 - INFO - Calculated momentum: 6.19%
2025-05-09 15:10:06,975 - INFO - Position: AAPL, Qty: -68, Market value: $-13517.72
2025-05-09 15:10:06,975 - INFO - Position: AMZN, Qty: -76, Market value: $-14624.9308
2025-05-09 15:10:06,975 - INFO - Position: GOOGL, Qty: -94, Market value: $-14441.22
2025-05-09 15:10:06,975 - INFO - Position: META, Qty: -49, Market value: $-29322.09
2025-05-09 15:10:06,975 - INFO - Position: MSFT, Qty: 77, Market value: $33694.815
2025-05-09 15:10:06,975 - INFO - Position: NVDA, Qty: -223, Market value: $-26010.7423
2025-05-09 15:10:06,975 - INFO - Position: TSLA, Qty: -103, Market value: $-31167.8
2025-05-09 15:10:06,975 - INFO - Already long on MSFT. No additional buy order placed.
2025-05-09 15:10:06,975 - INFO - Analyzing NVDA...
2025-05-09 15:10:06,990 - INFO - Retrieved 63 bars for NVDA
2025-05-09 15:10:06,991 - INFO - Calculated momentum: -12.65%
2025-05-09 15:10:06,999 - INFO - Position: AAPL, Qty: -68, Market value: $-13518.06
2025-05-09 15:10:06,999 - INFO - Position: AMZN, Qty: -76, Market value: $-14624.9308
2025-05-09 15:10:06,999 - INFO - Position: GOOGL, Qty: -94, Market value: $-14441.22
2025-05-09 15:10:06,999 - INFO - Position: META, Qty: -49, Market value: $-29322.09
2025-05-09 15:10:06,999 - INFO - Position: MSFT, Qty: 77, Market value: $33694.815
2025-05-09 15:10:06,999 - INFO - Position: NVDA, Qty: -223, Market value: $-26010.72
2025-05-09 15:10:06,999 - INFO - Position: TSLA, Qty: -103, Market value: $-31167.8
2025-05-09 15:10:06,999 - INFO - Already short on NVDA. No additional short order placed.
2025-05-09 15:10:06,999 - INFO - Momentum strategy execution completed
2025-05-09 15:10:06,999 - INFO - momentum_bot_carlo completed successfully
