
================================================================================
=== Log Start: 2025-02-27 08:17:58 ===
================================================================================
2025-02-27 08:17:58,086 - INFO - Logger initialized and header written.
2025-02-27 08:17:58,086 - INFO - Starting trading_bot_algo_brian
2025-02-27 08:17:58,086 - INFO - Trading bot trading_bot_algo_brian initialized with 3 symbols
2025-02-27 08:17:58,086 - INFO - Running Bollinger Bands strategy...
2025-02-27 08:17:58,086 - INFO - Market is closed. Running in simulation mode.
2025-02-27 08:17:58,440 - INFO - Account ID: 42f5d6db-9d02-4e00-95e4-88a9196e16f5
2025-02-27 08:17:58,440 - INFO - Cash: $40010.58
2025-02-27 08:17:58,440 - INFO - Portfolio value: $99989.79
2025-02-27 08:17:58,441 - INFO - Buying power: $140000.37
2025-02-27 08:17:58,441 - INFO - Analyzing AAPL...
2025-02-27 08:17:58,722 - INFO - Retrieved 33 bars for AAPL
2025-02-27 08:17:58,724 - INFO - Current price: $242.15, Upper band: $252.00, Lower band: $224.83
2025-02-27 08:17:58,724 - INFO - No action needed for AAPL
2025-02-27 08:17:58,724 - INFO - Analyzing MSFT...
2025-02-27 08:17:58,821 - INFO - Retrieved 33 bars for MSFT
2025-02-27 08:17:58,824 - INFO - Current price: $399.21, Upper band: $420.71, Lower band: $398.64
2025-02-27 08:17:58,824 - INFO - No action needed for MSFT
2025-02-27 08:17:58,824 - INFO - Analyzing GOOGL...
2025-02-27 08:17:58,937 - INFO - Retrieved 33 bars for GOOGL
2025-02-27 08:17:58,940 - INFO - Current price: $171.65, Upper band: $206.61, Lower band: $167.38
2025-02-27 08:17:58,940 - INFO - No action needed for GOOGL
2025-02-27 08:17:58,941 - INFO - Strategy execution completed
2025-02-27 08:17:58,941 - INFO - trading_bot_algo_brian completed successfully

================================================================================
=== Log Start: 2025-02-27 08:19:42 ===
================================================================================
2025-02-27 08:19:42,091 - INFO - Logger initialized and header written.

================================================================================
=== Log Start: 2025-02-27 08:19:42 ===
================================================================================
2025-02-27 08:19:42,722 - INFO - Logger initialized and header written.
2025-02-27 08:19:42,722 - INFO - Starting trading_bot_algo_brian
2025-02-27 08:19:42,722 - INFO - Trading bot trading_bot_algo_brian initialized with 3 symbols
2025-02-27 08:19:42,722 - INFO - Running Bollinger Bands strategy...
2025-02-27 08:19:42,722 - INFO - Market is closed. Running in simulation mode.
2025-02-27 08:19:43,079 - INFO - Account ID: 42f5d6db-9d02-4e00-95e4-88a9196e16f5
2025-02-27 08:19:43,079 - INFO - Cash: $40010.58
2025-02-27 08:19:43,079 - INFO - Portfolio value: $100000.92
2025-02-27 08:19:43,079 - INFO - Buying power: $140011.5
2025-02-27 08:19:43,080 - INFO - Analyzing AAPL...
2025-02-27 08:19:43,374 - INFO - Retrieved 33 bars for AAPL
2025-02-27 08:19:43,377 - INFO - Current price: $242.28, Upper band: $252.02, Lower band: $224.83
2025-02-27 08:19:43,378 - INFO - No action needed for AAPL
2025-02-27 08:19:43,378 - INFO - Analyzing MSFT...
2025-02-27 08:19:43,476 - INFO - Retrieved 33 bars for MSFT
2025-02-27 08:19:43,479 - INFO - Current price: $399.28, Upper band: $420.70, Lower band: $398.66
2025-02-27 08:19:43,479 - INFO - No action needed for MSFT
2025-02-27 08:19:43,479 - INFO - Analyzing GOOGL...
2025-02-27 08:19:43,576 - INFO - Retrieved 33 bars for GOOGL
2025-02-27 08:19:43,579 - INFO - Current price: $171.73, Upper band: $206.60, Lower band: $167.39
2025-02-27 08:19:43,579 - INFO - No action needed for GOOGL
2025-02-27 08:19:43,579 - INFO - Strategy execution completed
2025-02-27 08:19:43,579 - INFO - trading_bot_algo_brian completed successfully

================================================================================
=== Log Start: 2025-02-27 18:02:47 ===
================================================================================
2025-02-27 18:02:47,706 - INFO - Logger initialized and header written.

================================================================================
=== Log Start: 2025-02-27 18:02:52 ===
================================================================================
2025-02-27 18:02:52,501 - INFO - Logger initialized and header written.
2025-02-27 18:02:52,501 - INFO - Starting trading_bot_algo_brian
2025-02-27 18:02:52,501 - INFO - Trading bot trading_bot_algo_brian initialized with 3 symbols
2025-02-27 18:02:52,501 - INFO - Running Bollinger Bands strategy...
2025-02-27 18:02:52,501 - INFO - Market is closed. Running in simulation mode.
2025-02-27 18:02:53,154 - INFO - Account ID: 42f5d6db-9d02-4e00-95e4-88a9196e16f5
2025-02-27 18:02:53,155 - INFO - Cash: $40010.58
2025-02-27 18:02:53,155 - INFO - Portfolio value: $98907.58
2025-02-27 18:02:53,155 - INFO - Buying power: $138918.16
2025-02-27 18:02:53,155 - INFO - Analyzing AAPL...
2025-02-27 18:02:53,590 - INFO - Retrieved 33 bars for AAPL
2025-02-27 18:02:53,593 - INFO - Current price: $237.30, Upper band: $251.65, Lower band: $224.70
2025-02-27 18:02:53,593 - INFO - No action needed for AAPL
2025-02-27 18:02:53,593 - INFO - Analyzing MSFT...
2025-02-27 18:02:53,690 - INFO - Retrieved 33 bars for MSFT
2025-02-27 18:02:53,692 - INFO - Current price: $392.53, Upper band: $421.99, Lower band: $396.69
2025-02-27 18:02:53,692 - INFO - No action needed for MSFT
2025-02-27 18:02:53,692 - INFO - Analyzing GOOGL...
2025-02-27 18:02:53,790 - INFO - Retrieved 33 bars for GOOGL
2025-02-27 18:02:53,791 - INFO - Current price: $168.50, Upper band: $207.01, Lower band: $166.66
2025-02-27 18:02:53,791 - INFO - No action needed for GOOGL
2025-02-27 18:02:53,791 - INFO - Strategy execution completed
2025-02-27 18:02:53,791 - INFO - trading_bot_algo_brian completed successfully

================================================================================
=== Log Start: 2025-02-27 18:13:16 ===
================================================================================
2025-02-27 18:13:17,000 - INFO - Logger initialized and header written.

================================================================================
=== Log Start: 2025-02-27 18:13:17 ===
================================================================================
2025-02-27 18:13:17,792 - INFO - Logger initialized and header written.
2025-02-27 18:13:17,792 - INFO - Starting trading_bot_algo_brian
2025-02-27 18:13:17,792 - INFO - Trading bot trading_bot_algo_brian initialized with 3 symbols
2025-02-27 18:13:17,792 - INFO - Running Bollinger Bands strategy...
2025-02-27 18:13:17,792 - INFO - Market is closed. Running in simulation mode.
2025-02-27 18:13:18,593 - INFO - Account ID: 42f5d6db-9d02-4e00-95e4-88a9196e16f5
2025-02-27 18:13:18,593 - INFO - Cash: $40010.58
2025-02-27 18:13:18,593 - INFO - Portfolio value: $98907.58
2025-02-27 18:13:18,593 - INFO - Buying power: $138918.16
2025-02-27 18:13:18,594 - INFO - Analyzing AAPL...
2025-02-27 18:13:19,009 - INFO - Retrieved 33 bars for AAPL
2025-02-27 18:13:19,012 - INFO - Current price: $237.30, Upper band: $251.65, Lower band: $224.70
2025-02-27 18:13:19,012 - INFO - No action needed for AAPL
2025-02-27 18:13:19,012 - INFO - Analyzing MSFT...
2025-02-27 18:13:19,101 - INFO - Retrieved 33 bars for MSFT
2025-02-27 18:13:19,103 - INFO - Current price: $392.53, Upper band: $421.99, Lower band: $396.69
2025-02-27 18:13:19,103 - INFO - No action needed for MSFT
2025-02-27 18:13:19,103 - INFO - Analyzing GOOGL...
2025-02-27 18:13:19,200 - INFO - Retrieved 33 bars for GOOGL
2025-02-27 18:13:19,201 - INFO - Current price: $168.50, Upper band: $207.01, Lower band: $166.66
2025-02-27 18:13:19,201 - INFO - No action needed for GOOGL
2025-02-27 18:13:19,201 - INFO - Strategy execution completed
2025-02-27 18:13:19,201 - INFO - trading_bot_algo_brian completed successfully

================================================================================
=== Log Start: 2025-03-16 19:20:45 ===
================================================================================
2025-03-16 19:20:45,311 - INFO - Logger initialized and header written.

================================================================================
=== Log Start: 2025-03-16 19:20:52 ===
================================================================================
2025-03-16 19:20:52,010 - INFO - Logger initialized and header written.
2025-03-16 19:20:52,010 - INFO - Starting trading_bot_algo_brian
2025-03-16 19:20:52,010 - INFO - Trading bot trading_bot_algo_brian initialized with 3 symbols
2025-03-16 19:20:52,011 - INFO - Running Bollinger Bands strategy...
2025-03-16 19:20:52,011 - INFO - Market is closed. Running in simulation mode.
2025-03-16 19:20:52,804 - INFO - Account ID: 42f5d6db-9d02-4e00-95e4-88a9196e16f5
2025-03-16 19:20:52,805 - INFO - Cash: $40010.58
2025-03-16 19:20:52,805 - INFO - Portfolio value: $96680.14
2025-03-16 19:20:52,805 - INFO - Buying power: $136690.72
2025-03-16 19:20:52,805 - INFO - Analyzing AAPL...
2025-03-16 19:20:53,297 - INFO - Retrieved 34 bars for AAPL
2025-03-16 19:20:53,301 - INFO - Current price: $213.49, Upper band: $258.91, Lower band: $212.24
2025-03-16 19:20:53,301 - INFO - No action needed for AAPL
2025-03-16 19:20:53,301 - INFO - Analyzing MSFT...
2025-03-16 19:20:53,390 - INFO - Retrieved 34 bars for MSFT
2025-03-16 19:20:53,394 - INFO - Current price: $388.56, Upper band: $419.29, Lower band: $373.50
2025-03-16 19:20:53,394 - INFO - No action needed for MSFT
2025-03-16 19:20:53,395 - INFO - Analyzing GOOGL...
2025-03-16 19:20:53,479 - INFO - Retrieved 34 bars for GOOGL
2025-03-16 19:20:53,483 - INFO - Current price: $165.49, Upper band: $188.10, Lower band: $158.61
2025-03-16 19:20:53,483 - INFO - No action needed for GOOGL
2025-03-16 19:20:53,483 - INFO - Strategy execution completed
2025-03-16 19:20:53,483 - INFO - trading_bot_algo_brian completed successfully
