
================================================================================
=== Log Start: 2025-04-12 13:37:39 ===
================================================================================
2025-04-12 13:37:39,475 - INFO - Logger initialized and header written.
2025-04-12 13:37:39,475 - INFO - Starting momentum_ml_carlo
2025-04-12 13:37:39,475 - INFO - Optimized Momentum strategy bot momentum_ml_carlo initialized with 6 symbols
2025-04-12 13:37:39,475 - INFO - Running optimized momentum strategy...
2025-04-12 13:37:39,786 - INFO - Market is closed according to Alpaca. Running in simulation mode.
2025-04-12 13:37:39,869 - INFO - Position: AMZN, Qty: 84, Market Value: $15529.08
2025-04-12 13:37:39,957 - INFO - Account ID: 1a9647ec-da17-4d78-b173-d7cc4ced6608
2025-04-12 13:37:39,958 - INFO - Cash: $83257.75
2025-04-12 13:37:39,958 - INFO - Portfolio value: $98786.83
2025-04-12 13:37:39,958 - INFO - Buying power: $182044.58
2025-04-12 13:37:39,958 - INFO - Analyzing GOOGL...
2025-04-12 13:37:40,294 - INFO - Retrieved 342 bars for GOOGL
2025-04-12 13:37:40,295 - INFO - Calculated normalized momentum: 4.01
2025-04-12 13:37:40,438 - INFO - Calculated normalized momentum: 4.01
2025-04-12 13:37:40,442 - INFO - Corrective AI probability for GOOGL: 0.41
2025-04-12 13:37:40,443 - INFO - No valid trade signal for GOOGL: normalized momentum 4.01, probability 0.41
2025-04-12 13:37:40,443 - INFO - Analyzing AAPL...
2025-04-12 13:37:40,541 - INFO - Retrieved 342 bars for AAPL
2025-04-12 13:37:40,542 - INFO - Calculated normalized momentum: 12.34
2025-04-12 13:37:40,666 - INFO - Calculated normalized momentum: 12.34
2025-04-12 13:37:40,670 - INFO - Corrective AI probability for AAPL: 0.50
2025-04-12 13:37:40,670 - INFO - No valid trade signal for AAPL: normalized momentum 12.34, probability 0.50
2025-04-12 13:37:40,670 - INFO - Analyzing AMZN...
2025-04-12 13:37:40,764 - INFO - Retrieved 342 bars for AMZN
2025-04-12 13:37:40,765 - INFO - Calculated normalized momentum: 4.85
2025-04-12 13:37:40,891 - INFO - Calculated normalized momentum: 4.85
2025-04-12 13:37:40,895 - INFO - Corrective AI probability for AMZN: 0.67
2025-04-12 13:37:40,991 - INFO - Position: AMZN, Qty: 84, Market Value: $15529.08
2025-04-12 13:37:40,991 - INFO - Analyzing META...
2025-04-12 13:37:41,141 - INFO - Retrieved 342 bars for META
2025-04-12 13:37:41,141 - INFO - Calculated normalized momentum: 10.59
2025-04-12 13:37:41,278 - INFO - Calculated normalized momentum: 10.59
2025-04-12 13:37:41,283 - INFO - Corrective AI probability for META: 0.55
2025-04-12 13:37:41,283 - INFO - No valid trade signal for META: normalized momentum 10.59, probability 0.55
2025-04-12 13:37:41,283 - INFO - Analyzing MSFT...
2025-04-12 13:37:41,379 - INFO - Retrieved 342 bars for MSFT
2025-04-12 13:37:41,380 - INFO - Calculated normalized momentum: -5.19
2025-04-12 13:37:41,503 - INFO - Calculated normalized momentum: -5.19
2025-04-12 13:37:41,507 - INFO - Corrective AI probability for MSFT: 0.60
2025-04-12 13:37:41,507 - INFO - No valid trade signal for MSFT: normalized momentum -5.19, probability 0.60
2025-04-12 13:37:41,508 - INFO - Analyzing NVDA...
2025-04-12 13:37:41,604 - INFO - Retrieved 342 bars for NVDA
2025-04-12 13:37:41,604 - INFO - Calculated normalized momentum: -20.19
2025-04-12 13:37:41,728 - INFO - Calculated normalized momentum: -20.19
2025-04-12 13:37:41,732 - INFO - Corrective AI probability for NVDA: 0.94
2025-04-12 13:37:41,733 - INFO - No valid trade signal for NVDA: normalized momentum -20.19, probability 0.94
2025-04-12 13:37:41,733 - INFO - Optimized momentum strategy execution completed.
2025-04-12 13:37:41,733 - INFO - momentum_ml_carlo completed successfully

================================================================================
=== Log Start: 2025-05-09 15:10:17 ===
================================================================================
2025-05-09 15:10:17,676 - INFO - Logger initialized and header written.
2025-05-09 15:10:17,676 - INFO - Starting momentum_ml_carlo
2025-05-09 15:10:17,676 - INFO - Optimized Momentum strategy bot momentum_ml_carlo initialized with 6 symbols
2025-05-09 15:10:17,676 - INFO - Running optimized momentum strategy...
2025-05-09 15:10:17,844 - INFO - Market is open.
2025-05-09 15:10:17,853 - INFO - Position: NVDA, Qty: -79, Market Value: $-9214.955
2025-05-09 15:10:17,863 - INFO - Account ID: 1a9647ec-da17-4d78-b173-d7cc4ced6608
2025-05-09 15:10:17,863 - INFO - Cash: $109658.31
2025-05-09 15:10:17,863 - INFO - Portfolio value: $100443.36
2025-05-09 15:10:17,863 - INFO - Buying power: $191671.76
2025-05-09 15:10:17,863 - INFO - Analyzing GOOGL...
2025-05-09 15:10:18,045 - INFO - Retrieved 343 bars for GOOGL
2025-05-09 15:10:18,046 - INFO - Calculated normalized momentum: -4.42
2025-05-09 15:10:18,359 - INFO - Calculated normalized momentum: -4.42
2025-05-09 15:10:18,371 - INFO - Corrective AI probability for GOOGL: 0.52
2025-05-09 15:10:18,372 - INFO - No valid trade signal for GOOGL: normalized momentum -4.42, probability 0.52
2025-05-09 15:10:18,372 - INFO - Analyzing AAPL...
2025-05-09 15:10:18,399 - INFO - Retrieved 343 bars for AAPL
2025-05-09 15:10:18,400 - INFO - Calculated normalized momentum: -0.10
2025-05-09 15:10:18,709 - INFO - Calculated normalized momentum: -0.10
2025-05-09 15:10:18,721 - INFO - Corrective AI probability for AAPL: 0.20
2025-05-09 15:10:18,722 - INFO - No valid trade signal for AAPL: normalized momentum -0.10, probability 0.20
2025-05-09 15:10:18,722 - INFO - Analyzing AMZN...
2025-05-09 15:10:18,744 - INFO - Retrieved 343 bars for AMZN
2025-05-09 15:10:18,745 - INFO - Calculated normalized momentum: -4.14
2025-05-09 15:10:19,053 - INFO - Calculated normalized momentum: -4.14
2025-05-09 15:10:19,065 - INFO - Corrective AI probability for AMZN: 0.42
2025-05-09 15:10:19,066 - INFO - No valid trade signal for AMZN: normalized momentum -4.14, probability 0.42
2025-05-09 15:10:19,066 - INFO - Analyzing META...
2025-05-09 15:10:19,087 - INFO - Retrieved 343 bars for META
2025-05-09 15:10:19,088 - INFO - Calculated normalized momentum: 2.29
2025-05-09 15:10:19,396 - INFO - Calculated normalized momentum: 2.29
2025-05-09 15:10:19,408 - INFO - Corrective AI probability for META: 0.47
2025-05-09 15:10:19,409 - INFO - No valid trade signal for META: normalized momentum 2.29, probability 0.47
2025-05-09 15:10:19,409 - INFO - Analyzing MSFT...
2025-05-09 15:10:19,437 - INFO - Retrieved 343 bars for MSFT
2025-05-09 15:10:19,438 - INFO - Calculated normalized momentum: -11.53
2025-05-09 15:10:19,747 - INFO - Calculated normalized momentum: -11.53
2025-05-09 15:10:19,759 - INFO - Corrective AI probability for MSFT: 0.78
2025-05-09 15:10:19,760 - INFO - No valid trade signal for MSFT: normalized momentum -11.53, probability 0.78
2025-05-09 15:10:19,760 - INFO - Analyzing NVDA...
2025-05-09 15:10:19,782 - INFO - Retrieved 343 bars for NVDA
2025-05-09 15:10:19,783 - INFO - Calculated normalized momentum: -24.74
2025-05-09 15:10:20,091 - INFO - Calculated normalized momentum: -24.74
2025-05-09 15:10:20,103 - INFO - Corrective AI probability for NVDA: 0.08
2025-05-09 15:10:20,156 - INFO - Position: NVDA, Qty: -79, Market Value: $-9213.77
2025-05-09 15:10:20,156 - INFO - Optimized momentum strategy execution completed.
2025-05-09 15:10:20,156 - INFO - momentum_ml_carlo completed successfully
